{"C:\\Iitc\\Projects\\SQL\\SQL_NODE\\server.js": {"path":"C:\\Iitc\\Projects\\SQL\\SQL_NODE\\server.js","statementMap":{"0":{"start":{"line":1,"column":14},"end":{"line":1,"column":30}},"1":{"start":{"line":2,"column":16},"end":{"line":2,"column":34}},"2":{"start":{"line":3,"column":12},"end":{"line":3,"column":28}},"3":{"start":{"line":4,"column":0},"end":{"line":4,"column":27}},"4":{"start":{"line":6,"column":12},"end":{"line":6,"column":21}},"5":{"start":{"line":7,"column":13},"end":{"line":7,"column":17}},"6":{"start":{"line":10,"column":17},"end":{"line":25,"column":1}},"7":{"start":{"line":28,"column":0},"end":{"line":63,"column":3}},"8":{"start":{"line":29,"column":2},"end":{"line":62,"column":3}},"9":{"start":{"line":36,"column":18},"end":{"line":39,"column":5}},"10":{"start":{"line":40,"column":17},"end":{"line":43,"column":5}},"11":{"start":{"line":46,"column":21},"end":{"line":50,"column":5}},"12":{"start":{"line":52,"column":4},"end":{"line":55,"column":7}},"13":{"start":{"line":60,"column":4},"end":{"line":60,"column":36}},"14":{"start":{"line":61,"column":4},"end":{"line":61,"column":41}},"15":{"start":{"line":66,"column":0},"end":{"line":68,"column":3}},"16":{"start":{"line":67,"column":2},"end":{"line":67,"column":63}},"17":{"start":{"line":69,"column":0},"end":{"line":69,"column":21}}},"fnMap":{"0":{"name":"(anonymous_0)","decl":{"start":{"line":28,"column":22},"end":{"line":28,"column":23}},"loc":{"start":{"line":28,"column":42},"end":{"line":63,"column":1}},"line":28},"1":{"name":"(anonymous_1)","decl":{"start":{"line":66,"column":17},"end":{"line":66,"column":18}},"loc":{"start":{"line":66,"column":23},"end":{"line":68,"column":1}},"line":66}},"branchMap":{},"s":{"0":1,"1":1,"2":1,"3":1,"4":1,"5":1,"6":1,"7":1,"8":5,"9":5,"10":5,"11":5,"12":5,"13":0,"14":0,"15":1,"16":1,"17":1},"f":{"0":5,"1":1},"b":{},"_coverageSchema":"1a1c01bbd47fc00a2c39e90264f33305004495a9","hash":"884215dce75d39eec94253666a84e4a4461902bf"}
}
