<?xml version="1.0" encoding="UTF-8"?>
<coverage generated="1725446211340" clover="3.2.0">
  <project timestamp="1725446211341" name="All files">
    <metrics statements="18" coveredstatements="16" conditionals="0" coveredconditionals="0" methods="2" coveredmethods="2" elements="20" coveredelements="18" complexity="0" loc="18" ncloc="18" packages="1" files="1" classes="1"/>
    <file name="server.js" path="C:\Iitc\Projects\SQL\SQL_NODE\server.js">
      <metrics statements="18" coveredstatements="16" conditionals="0" coveredconditionals="0" methods="2" coveredmethods="2"/>
      <line num="1" count="1" type="stmt"/>
      <line num="2" count="1" type="stmt"/>
      <line num="3" count="1" type="stmt"/>
      <line num="4" count="1" type="stmt"/>
      <line num="6" count="1" type="stmt"/>
      <line num="7" count="1" type="stmt"/>
      <line num="10" count="1" type="stmt"/>
      <line num="28" count="1" type="stmt"/>
      <line num="29" count="5" type="stmt"/>
      <line num="36" count="5" type="stmt"/>
      <line num="40" count="5" type="stmt"/>
      <line num="46" count="5" type="stmt"/>
      <line num="52" count="5" type="stmt"/>
      <line num="60" count="0" type="stmt"/>
      <line num="61" count="0" type="stmt"/>
      <line num="66" count="1" type="stmt"/>
      <line num="67" count="1" type="stmt"/>
      <line num="69" count="1" type="stmt"/>
    </file>
  </project>
</coverage>
